Построение начато 01.12.2016 21:24:51.
     1>Проект "C:\Users\Дима\Documents\Visual Studio 2010\Projects\с++\OOP3.1\OOP3.1\OOP3.1.vcxproj" в узле 2 (целевые объекты build).
     1>InitializeBuildStatus:
         Создание "Release\OOP3.1.unsuccessfulbuild", так как было задано "AlwaysCreate".
       ClCompile:
         C:\Program Files (x86)\Microsoft Visual Studio 10.0\VC\bin\CL.exe /c /Zi /nologo /W3 /WX- /O2 /Oi /Oy- /GL /D _MBCS /Gm- /EHsc /MD /GS /Gy /fp:precise /Zc:wchar_t /Zc:forScope /Fo"Release\\" /Fd"Release\vc100.pdb" /Gd /TP /analyze- /errorReport:prompt main.cpp
         main.cpp
       Link:
         C:\Program Files (x86)\Microsoft Visual Studio 10.0\VC\bin\link.exe /ERRORREPORT:PROMPT /OUT:"C:\Users\Дима\Documents\Visual Studio 2010\Projects\с++\OOP3.1\Release\OOP3.1.exe" /NOLOGO kernel32.lib user32.lib gdi32.lib winspool.lib comdlg32.lib advapi32.lib shell32.lib ole32.lib oleaut32.lib uuid.lib odbc32.lib odbccp32.lib /MANIFEST /ManifestFile:"Release\OOP3.1.exe.intermediate.manifest" /MANIFESTUAC:"level='asInvoker' uiAccess='false'" /DEBUG /PDB:"C:\Users\Дима\Documents\Visual Studio 2010\Projects\с++\OOP3.1\Release\OOP3.1.pdb" /OPT:REF /OPT:ICF /LTCG /TLBID:1 /DYNAMICBASE /NXCOMPAT /IMPLIB:"C:\Users\Дима\Documents\Visual Studio 2010\Projects\с++\OOP3.1\Release\OOP3.1.lib" /MACHINE:X86 Release\CustomExpressionEvaluator.obj
         Release\ExpressionEvaluator.obj
         Release\main.obj
         Release\Multiplaer.obj
         Release\Substractor.obj
         Создание кода
         Создание кода завершено
         OOP3.1.vcxproj -> C:\Users\Дима\Documents\Visual Studio 2010\Projects\с++\OOP3.1\Release\OOP3.1.exe
       Manifest:
         C:\Program Files (x86)\Microsoft SDKs\Windows\v7.0A\bin\mt.exe /nologo /verbose /outputresource:"C:\Users\Дима\Documents\Visual Studio 2010\Projects\с++\OOP3.1\Release\OOP3.1.exe;#1" /manifest Release\OOP3.1.exe.intermediate.manifest
       FinalizeBuildStatus:
         Файл "Release\OOP3.1.unsuccessfulbuild" удаляется.
         Обращение к "Release\OOP3.1.lastbuildstate".
     1>Построение проекта "C:\Users\Дима\Documents\Visual Studio 2010\Projects\с++\OOP3.1\OOP3.1\OOP3.1.vcxproj" завершено (целевые объекты build).

Построение успешно завершено.

Затраченное время: 00:00:01.25
