Построение начато 20.11.2016 14:18:03.
     1>Проект "D:\Мои документы\Програмирование 2-й курс\Лабораторная работа №3\Lab3 Task2 C++\Lab3 Task2 C++\Lab3 Task2 C++.vcxproj" в узле 2 (целевые объекты build).
     1>InitializeBuildStatus:
         Создание "Release\Lab3 Task2 C++.unsuccessfulbuild", так как было задано "AlwaysCreate".
       ClCompile:
         C:\Program Files (x86)\Microsoft Visual Studio 10.0\VC\bin\CL.exe /c /Zi /nologo /W3 /WX- /O2 /Oi /Oy- /GL /D WIN32 /D NDEBUG /D _CONSOLE /D _UNICODE /D UNICODE /Gm- /EHsc /MD /GS /Gy /fp:precise /Zc:wchar_t /Zc:forScope /Fo"Release\\" /Fd"Release\vc100.pdb" /Gd /TP /analyze- /errorReport:prompt Plane.cpp cargoPlane.cpp main.cpp passengerPlane.cpp
         Plane.cpp
         cargoPlane.cpp
         main.cpp
         passengerPlane.cpp
       Link:
         C:\Program Files (x86)\Microsoft Visual Studio 10.0\VC\bin\link.exe /ERRORREPORT:PROMPT /OUT:"D:\Мои документы\Програмирование 2-й курс\Лабораторная работа №3\Lab3 Task2 C++\Release\Lab3 Task2 C++.exe" /INCREMENTAL:NO /NOLOGO kernel32.lib user32.lib gdi32.lib winspool.lib comdlg32.lib advapi32.lib shell32.lib ole32.lib oleaut32.lib uuid.lib odbc32.lib odbccp32.lib /MANIFEST /ManifestFile:"Release\Lab3 Task2 C++.exe.intermediate.manifest" /MANIFESTUAC:"level='asInvoker' uiAccess='false'" /DEBUG /PDB:"D:\Мои документы\Програмирование 2-й курс\Лабораторная работа №3\Lab3 Task2 C++\Release\Lab3 Task2 C++.pdb" /SUBSYSTEM:CONSOLE /OPT:REF /OPT:ICF /LTCG /TLBID:1 /DYNAMICBASE /NXCOMPAT /IMPLIB:"D:\Мои документы\Програмирование 2-й курс\Лабораторная работа №3\Lab3 Task2 C++\Release\Lab3 Task2 C++.lib" /MACHINE:X86 Release\cargoPlane.obj
         Release\main.obj
         Release\passengerPlane.obj
         Release\Plane.obj
         Создание кода
         Создание кода завершено
         Lab3 Task2 C++.vcxproj -> D:\Мои документы\Програмирование 2-й курс\Лабораторная работа №3\Lab3 Task2 C++\Release\Lab3 Task2 C++.exe
       Manifest:
         C:\Program Files (x86)\Microsoft SDKs\Windows\v7.0A\bin\mt.exe /nologo /verbose /outputresource:"D:\Мои документы\Програмирование 2-й курс\Лабораторная работа №3\Lab3 Task2 C++\Release\Lab3 Task2 C++.exe;#1" /manifest "Release\Lab3 Task2 C++.exe.intermediate.manifest"
       FinalizeBuildStatus:
         Файл "Release\Lab3 Task2 C++.unsuccessfulbuild" удаляется.
         Обращение к "Release\Lab3 Task2 C++.lastbuildstate".
     1>Построение проекта "D:\Мои документы\Програмирование 2-й курс\Лабораторная работа №3\Lab3 Task2 C++\Lab3 Task2 C++\Lab3 Task2 C++.vcxproj" завершено (целевые объекты build).

Построение успешно завершено.

Затраченное время: 00:00:02.84
