Построение начато 24.11.2016 17:06:44.
     1>Проект "D:\Мои документы\Програмирование 2-й курс\Лабораторная работа №3\Lab3 Task2 C++\Lab3 Task2 C++\Lab3 Task2 C++.vcxproj" в узле 2 (целевые объекты build).
     1>InitializeBuildStatus:
         Создание "Debug\Lab3 Task2 C++.unsuccessfulbuild", так как было задано "AlwaysCreate".
       ClCompile:
         C:\Program Files (x86)\Microsoft Visual Studio 10.0\VC\bin\CL.exe /c /ZI /nologo /W3 /WX- /Od /Oy- /D WIN32 /D _DEBUG /D _CONSOLE /D _UNICODE /D UNICODE /Gm /EHsc /RTC1 /MDd /GS /fp:precise /Zc:wchar_t /Zc:forScope /Fo"Debug\\" /Fd"Debug\vc100.pdb" /Gd /TP /analyze- /errorReport:prompt main.cpp
         main.cpp
       Link:
         C:\Program Files (x86)\Microsoft Visual Studio 10.0\VC\bin\link.exe /ERRORREPORT:PROMPT /OUT:"D:\Мои документы\Програмирование 2-й курс\Лабораторная работа №3\Lab3 Task2 C++\Debug\Lab3 Task2 C++.exe" /NOLOGO kernel32.lib user32.lib gdi32.lib winspool.lib comdlg32.lib advapi32.lib shell32.lib ole32.lib oleaut32.lib uuid.lib odbc32.lib odbccp32.lib /MANIFEST /ManifestFile:"Debug\Lab3 Task2 C++.exe.intermediate.manifest" /MANIFESTUAC:"level='asInvoker' uiAccess='false'" /DEBUG /PDB:"D:\Мои документы\Програмирование 2-й курс\Лабораторная работа №3\Lab3 Task2 C++\Debug\Lab3 Task2 C++.pdb" /SUBSYSTEM:CONSOLE /TLBID:1 /DYNAMICBASE /NXCOMPAT /IMPLIB:"D:\Мои документы\Програмирование 2-й курс\Лабораторная работа №3\Lab3 Task2 C++\Debug\Lab3 Task2 C++.lib" /MACHINE:X86 Debug\cargoPlane.obj
         Debug\main.obj
         Debug\passengerPlane.obj
         Debug\Plane.obj
         LINK : не найден или не выполнена сборка D:\Мои документы\Програмирование 2-й курс\Лабораторная работа №3\Lab3 Task2 C++\Debug\Lab3 Task2 C++.exe при последней инкрементной компоновке; выполняется полная компоновка
         Lab3 Task2 C++.vcxproj -> D:\Мои документы\Програмирование 2-й курс\Лабораторная работа №3\Lab3 Task2 C++\Debug\Lab3 Task2 C++.exe
       Manifest:
         C:\Program Files (x86)\Microsoft SDKs\Windows\v7.0A\bin\mt.exe /nologo /verbose /outputresource:"D:\Мои документы\Програмирование 2-й курс\Лабораторная работа №3\Lab3 Task2 C++\Debug\Lab3 Task2 C++.exe;#1" /manifest "Debug\Lab3 Task2 C++.exe.intermediate.manifest"
       FinalizeBuildStatus:
         Файл "Debug\Lab3 Task2 C++.unsuccessfulbuild" удаляется.
         Обращение к "Debug\Lab3 Task2 C++.lastbuildstate".
     1>Построение проекта "D:\Мои документы\Програмирование 2-й курс\Лабораторная работа №3\Lab3 Task2 C++\Lab3 Task2 C++\Lab3 Task2 C++.vcxproj" завершено (целевые объекты build).

Построение успешно завершено.

Затраченное время: 00:00:01.36
