d:\мои документы\програмирование 2-й курс\лабораторная работа №1\task 1\task 1\release\main.obj
d:\мои документы\програмирование 2-й курс\лабораторная работа №1\task 1\task 1\release\vc100.pdb
d:\мои документы\програмирование 2-й курс\лабораторная работа №1\task 1\release\task 1.exe
d:\мои документы\програмирование 2-й курс\лабораторная работа №1\task 1\task 1\release\task 1.exe.intermediate.manifest
d:\мои документы\програмирование 2-й курс\лабораторная работа №1\task 1\release\task 1.pdb
e:\my documents\програмирование 2-й курс\лабораторная работа №1\task 1\task 1\release\vc141.pdb
e:\my documents\програмирование 2-й курс\лабораторная работа №1\task 1\task 1\release\main.obj
e:\my documents\програмирование 2-й курс\лабораторная работа №1\task 1\task 1\release\task 1.vcxprojresolveassemblyreference.cache
e:\my documents\програмирование 2-й курс\лабораторная работа №1\task 1\task 1\release\cl.command.1.tlog
e:\my documents\програмирование 2-й курс\лабораторная работа №1\task 1\task 1\release\cl.read.1.tlog
e:\my documents\програмирование 2-й курс\лабораторная работа №1\task 1\task 1\release\cl.write.1.tlog
e:\my documents\програмирование 2-й курс\лабораторная работа №1\task 1\task 1\release\link.command.1.tlog
e:\my documents\програмирование 2-й курс\лабораторная работа №1\task 1\task 1\release\link.read.1.tlog
e:\my documents\програмирование 2-й курс\лабораторная работа №1\task 1\task 1\release\link.write.1.tlog
e:\my documents\програмирование 2-й курс\лабораторная работа №1\task 1\task 1\release\mt.command.1.tlog
e:\my documents\програмирование 2-й курс\лабораторная работа №1\task 1\task 1\release\mt.read.1.tlog
e:\my documents\програмирование 2-й курс\лабораторная работа №1\task 1\task 1\release\mt.write.1.tlog
e:\my documents\програмирование 2-й курс\лабораторная работа №1\task 1\task 1\release\task 1.write.1.tlog
e:\my documents\програмирование 2-й курс\лабораторная работа №1\task 1\task 1\release\task 1.exe.intermediate.manifest
e:\my documents\програмирование 2-й курс\лабораторная работа №1\task 1\task 1\release\vc100.pdb
e:\my documents\програмирование 2-й курс\лабораторная работа №1\task 1\task 1\release\task 1.tlog\cl.command.1.tlog
e:\my documents\програмирование 2-й курс\лабораторная работа №1\task 1\task 1\release\task 1.tlog\cl.read.1.tlog
e:\my documents\програмирование 2-й курс\лабораторная работа №1\task 1\task 1\release\task 1.tlog\cl.write.1.tlog
e:\my documents\програмирование 2-й курс\лабораторная работа №1\task 1\task 1\release\task 1.tlog\link-cvtres.read.1.tlog
e:\my documents\програмирование 2-й курс\лабораторная работа №1\task 1\task 1\release\task 1.tlog\link-cvtres.write.1.tlog
e:\my documents\програмирование 2-й курс\лабораторная работа №1\task 1\task 1\release\task 1.tlog\link-rc.read.1.tlog
e:\my documents\програмирование 2-й курс\лабораторная работа №1\task 1\task 1\release\task 1.tlog\link-rc.write.1.tlog
e:\my documents\програмирование 2-й курс\лабораторная работа №1\task 1\task 1\release\task 1.tlog\link.command.1.tlog
e:\my documents\програмирование 2-й курс\лабораторная работа №1\task 1\task 1\release\task 1.tlog\link.read.1.tlog
e:\my documents\програмирование 2-й курс\лабораторная работа №1\task 1\task 1\release\task 1.tlog\link.write.1.tlog
