D:\PROGRAMS\GIT\GIT_REP\LAB4 TASK1 C++\DEBUG\LAB4 TASK1 C++.EXE
D:\PROGRAMS\GIT\GIT_REP\LAB4 TASK1 C++\DEBUG\LAB4 TASK1 C++.ILK
D:\PROGRAMS\GIT\GIT_REP\LAB4 TASK1 C++\DEBUG\LAB4 TASK1 C++.PDB
D:\Programs\Git\git_Rep\Lab4 Task1 C++\Lab4 Task1 C++\Debug\cl.command.1.tlog
D:\Programs\Git\git_Rep\Lab4 Task1 C++\Lab4 Task1 C++\Debug\CL.read.1.tlog
D:\Programs\Git\git_Rep\Lab4 Task1 C++\Lab4 Task1 C++\Debug\CL.write.1.tlog
D:\PROGRAMS\GIT\GIT_REP\LAB4 TASK1 C++\LAB4 TASK1 C++\DEBUG\DEALER.OBJ
D:\PROGRAMS\GIT\GIT_REP\LAB4 TASK1 C++\LAB4 TASK1 C++\DEBUG\GAME.OBJ
D:\PROGRAMS\GIT\GIT_REP\LAB4 TASK1 C++\LAB4 TASK1 C++\DEBUG\HAND.OBJ
D:\Programs\Git\git_Rep\Lab4 Task1 C++\Lab4 Task1 C++\Debug\Lab4 Task1 C++.exe.embed.manifest
D:\PROGRAMS\GIT\GIT_REP\LAB4 TASK1 C++\LAB4 TASK1 C++\DEBUG\LAB4 TASK1 C++.EXE.EMBED.MANIFEST.RES
D:\PROGRAMS\GIT\GIT_REP\LAB4 TASK1 C++\LAB4 TASK1 C++\DEBUG\LAB4 TASK1 C++.EXE.INTERMEDIATE.MANIFEST
D:\Programs\Git\git_Rep\Lab4 Task1 C++\Lab4 Task1 C++\Debug\Lab4 Task1 C++.vcxprojResolveAssemblyReference.cache
D:\Programs\Git\git_Rep\Lab4 Task1 C++\Lab4 Task1 C++\Debug\Lab4 Task1 C++.write.1.tlog
D:\Programs\Git\git_Rep\Lab4 Task1 C++\Lab4 Task1 C++\Debug\Lab4 Task1 C++_manifest.rc
D:\Programs\Git\git_Rep\Lab4 Task1 C++\Lab4 Task1 C++\Debug\link.command.1.tlog
D:\Programs\Git\git_Rep\Lab4 Task1 C++\Lab4 Task1 C++\Debug\link.read.1.tlog
D:\Programs\Git\git_Rep\Lab4 Task1 C++\Lab4 Task1 C++\Debug\link.write.1.tlog
D:\PROGRAMS\GIT\GIT_REP\LAB4 TASK1 C++\LAB4 TASK1 C++\DEBUG\MAIN.OBJ
D:\Programs\Git\git_Rep\Lab4 Task1 C++\Lab4 Task1 C++\Debug\mt.command.1.tlog
D:\Programs\Git\git_Rep\Lab4 Task1 C++\Lab4 Task1 C++\Debug\mt.read.1.tlog
D:\Programs\Git\git_Rep\Lab4 Task1 C++\Lab4 Task1 C++\Debug\mt.write.1.tlog
D:\PROGRAMS\GIT\GIT_REP\LAB4 TASK1 C++\LAB4 TASK1 C++\DEBUG\PLAYER.OBJ
D:\Programs\Git\git_Rep\Lab4 Task1 C++\Lab4 Task1 C++\Debug\rc.command.1.tlog
D:\Programs\Git\git_Rep\Lab4 Task1 C++\Lab4 Task1 C++\Debug\rc.read.1.tlog
D:\Programs\Git\git_Rep\Lab4 Task1 C++\Lab4 Task1 C++\Debug\rc.write.1.tlog
D:\PROGRAMS\GIT\GIT_REP\LAB4 TASK1 C++\LAB4 TASK1 C++\DEBUG\SHUZ.OBJ
D:\Programs\Git\git_Rep\Lab4 Task1 C++\Lab4 Task1 C++\Debug\vc100.idb
D:\PROGRAMS\GIT\GIT_REP\LAB4 TASK1 C++\LAB4 TASK1 C++\DEBUG\VC100.PDB
D:\Programs\Git\git_Rep\Lab4 Task1 C++\Lab4 Task1 C++\Debug\Сards.obj
D:\PROGRAMS\GIT\GITR_BJ\LAB4 TASK1 C++\LAB4 TASK1 C++\DEBUG\GAME.OBJ
D:\PROGRAMS\GIT\GITR_BJ\LAB4 TASK1 C++\LAB4 TASK1 C++\DEBUG\HAND.OBJ
D:\PROGRAMS\GIT\GITR_BJ\LAB4 TASK1 C++\LAB4 TASK1 C++\DEBUG\PLAYER.OBJ
D:\PROGRAMS\GIT\GITR_BJ\LAB4 TASK1 C++\LAB4 TASK1 C++\DEBUG\VC100.PDB
D:\PROGRAMS\GIT\GITR_BJ\LAB4 TASK1 C++\LAB4 TASK1 C++\DEBUG\СARDS.OBJ
