Построение начато 19.10.2016 23:10:01.
     1>Проект "D:\Мои документы\Програмирование 2-й курс\Лабораторная работа №1\Task 2\Task 2\Task 2.vcxproj" в узле 2 (целевые объекты build).
     1>InitializeBuildStatus:
         Создание "Release\Task 2.unsuccessfulbuild", так как было задано "AlwaysCreate".
       ClCompile:
         C:\Program Files (x86)\Microsoft Visual Studio 10.0\VC\bin\CL.exe /c /Zi /nologo /W3 /WX- /O2 /Oi /Oy- /GL /D WIN32 /D NDEBUG /D _CONSOLE /D _UNICODE /D UNICODE /Gm- /EHsc /MD /GS /Gy /fp:precise /Zc:wchar_t /Zc:forScope /Fo"Release\\" /Fd"Release\vc100.pdb" /Gd /TP /analyze- /errorReport:prompt main.cpp
         main.cpp
       Link:
         C:\Program Files (x86)\Microsoft Visual Studio 10.0\VC\bin\link.exe /ERRORREPORT:PROMPT /OUT:"D:\Мои документы\Програмирование 2-й курс\Лабораторная работа №1\Task 2\Release\Task 2.exe" /INCREMENTAL:NO /NOLOGO kernel32.lib user32.lib gdi32.lib winspool.lib comdlg32.lib advapi32.lib shell32.lib ole32.lib oleaut32.lib uuid.lib odbc32.lib odbccp32.lib /MANIFEST /ManifestFile:"Release\Task 2.exe.intermediate.manifest" /MANIFESTUAC:"level='asInvoker' uiAccess='false'" /DEBUG /PDB:"D:\Мои документы\Програмирование 2-й курс\Лабораторная работа №1\Task 2\Release\Task 2.pdb" /SUBSYSTEM:CONSOLE /OPT:REF /OPT:ICF /LTCG /TLBID:1 /DYNAMICBASE /NXCOMPAT /IMPLIB:"D:\Мои документы\Програмирование 2-й курс\Лабораторная работа №1\Task 2\Release\Task 2.lib" /MACHINE:X86 Release\main.obj
         Создание кода
         Создание кода завершено
         Task 2.vcxproj -> D:\Мои документы\Програмирование 2-й курс\Лабораторная работа №1\Task 2\Release\Task 2.exe
       Manifest:
         C:\Program Files (x86)\Microsoft SDKs\Windows\v7.0A\bin\mt.exe /nologo /verbose /outputresource:"D:\Мои документы\Програмирование 2-й курс\Лабораторная работа №1\Task 2\Release\Task 2.exe;#1" /manifest "Release\Task 2.exe.intermediate.manifest"
       FinalizeBuildStatus:
         Файл "Release\Task 2.unsuccessfulbuild" удаляется.
         Обращение к "Release\Task 2.lastbuildstate".
     1>Построение проекта "D:\Мои документы\Програмирование 2-й курс\Лабораторная работа №1\Task 2\Task 2\Task 2.vcxproj" завершено (целевые объекты build).

Построение успешно завершено.

Затраченное время: 00:00:01.02
