Построение начато 29.12.2016 21:39:36.
     1>Проект "D:\Мои документы\Програмирование 2-й курс\Лабораторная работа №5\Lab5 Task3 C++\Lab5 Task3 C++\Lab5 Task3 C++.vcxproj" в узле 2 (целевые объекты build).
     1>InitializeBuildStatus:
         Создание "Debug\Lab5 Task3 C++.unsuccessfulbuild", так как было задано "AlwaysCreate".
       ClCompile:
         C:\Program Files (x86)\Microsoft Visual Studio 10.0\VC\bin\CL.exe /c /ZI /nologo /W3 /WX- /Od /Oy- /D _MBCS /Gm /EHsc /RTC1 /MDd /GS /fp:precise /Zc:wchar_t /Zc:forScope /Fo"Debug\\" /Fd"Debug\vc100.pdb" /Gd /TP /analyze- /errorReport:prompt main.cpp
         main.cpp
       Link:
         C:\Program Files (x86)\Microsoft Visual Studio 10.0\VC\bin\link.exe /ERRORREPORT:PROMPT /OUT:"D:\Мои документы\Програмирование 2-й курс\Лабораторная работа №5\Lab5 Task3 C++\Debug\Lab5 Task3 C++.exe" /NOLOGO kernel32.lib user32.lib gdi32.lib winspool.lib comdlg32.lib advapi32.lib shell32.lib ole32.lib oleaut32.lib uuid.lib odbc32.lib odbccp32.lib /MANIFEST /ManifestFile:"Debug\Lab5 Task3 C++.exe.intermediate.manifest" /MANIFESTUAC:"level='asInvoker' uiAccess='false'" /DEBUG /PDB:"D:\Мои документы\Програмирование 2-й курс\Лабораторная работа №5\Lab5 Task3 C++\Debug\Lab5 Task3 C++.pdb" /TLBID:1 /DYNAMICBASE /NXCOMPAT /IMPLIB:"D:\Мои документы\Програмирование 2-й курс\Лабораторная работа №5\Lab5 Task3 C++\Debug\Lab5 Task3 C++.lib" /MACHINE:X86 Debug\Book.obj
         Debug\main.obj
         LINK : не найден или не выполнена сборка D:\Мои документы\Програмирование 2-й курс\Лабораторная работа №5\Lab5 Task3 C++\Debug\Lab5 Task3 C++.exe при последней инкрементной компоновке; выполняется полная компоновка
         Lab5 Task3 C++.vcxproj -> D:\Мои документы\Програмирование 2-й курс\Лабораторная работа №5\Lab5 Task3 C++\Debug\Lab5 Task3 C++.exe
       Manifest:
         C:\Program Files (x86)\Microsoft SDKs\Windows\v7.0A\bin\mt.exe /nologo /verbose /outputresource:"D:\Мои документы\Програмирование 2-й курс\Лабораторная работа №5\Lab5 Task3 C++\Debug\Lab5 Task3 C++.exe;#1" /manifest "Debug\Lab5 Task3 C++.exe.intermediate.manifest"
       FinalizeBuildStatus:
         Файл "Debug\Lab5 Task3 C++.unsuccessfulbuild" удаляется.
         Обращение к "Debug\Lab5 Task3 C++.lastbuildstate".
     1>Построение проекта "D:\Мои документы\Програмирование 2-й курс\Лабораторная работа №5\Lab5 Task3 C++\Lab5 Task3 C++\Lab5 Task3 C++.vcxproj" завершено (целевые объекты build).

Построение успешно завершено.

Затраченное время: 00:00:01.79
