Построение начато 28.10.2016 8:24:55.
     1>Проект "D:\Мои документы\Програмирование 2-й курс\Лабораторная работа №2\Lab2 Task1 C++\Lab2 Task1 C++\Lab2 Task1 C++.vcxproj" в узле 2 (целевые объекты build).
     1>PrepareForBuild:
         Создание каталога "D:\Мои документы\Програмирование 2-й курс\Лабораторная работа №2\Lab2 Task1 C++\Debug\".
       InitializeBuildStatus:
         Создание "Debug\Lab2 Task1 C++.unsuccessfulbuild", так как было задано "AlwaysCreate".
       ClCompile:
         C:\Program Files (x86)\Microsoft Visual Studio 10.0\VC\bin\CL.exe /c /ZI /nologo /W3 /WX- /Od /Oy- /D WIN32 /D _DEBUG /D _CONSOLE /D _UNICODE /D UNICODE /Gm /EHsc /RTC1 /MDd /GS /fp:precise /Zc:wchar_t /Zc:forScope /Fo"Debug\\" /Fd"Debug\vc100.pdb" /Gd /TP /analyze- /errorReport:prompt main.cpp myMatrix.cpp Vector.cpp
         Vector.cpp
         myMatrix.cpp
         main.cpp
     1>d:\мои документы\програмирование 2-й курс\лабораторная работа №2\lab2 task1 c++\lab2 task1 c++\main.cpp(36): warning C4305: инициализация: усечение из "double" к "const float"
         Создание кода...
       ManifestResourceCompile:
         C:\Program Files (x86)\Microsoft SDKs\Windows\v7.0A\bin\rc.exe /nologo /fo"Debug\Lab2 Task1 C++.exe.embed.manifest.res" "Debug\Lab2 Task1 C++_manifest.rc" 
       Link:
         C:\Program Files (x86)\Microsoft Visual Studio 10.0\VC\bin\link.exe /ERRORREPORT:PROMPT /OUT:"D:\Мои документы\Програмирование 2-й курс\Лабораторная работа №2\Lab2 Task1 C++\Debug\Lab2 Task1 C++.exe" /INCREMENTAL /NOLOGO kernel32.lib user32.lib gdi32.lib winspool.lib comdlg32.lib advapi32.lib shell32.lib ole32.lib oleaut32.lib uuid.lib odbc32.lib odbccp32.lib /MANIFEST /ManifestFile:"Debug\Lab2 Task1 C++.exe.intermediate.manifest" /MANIFESTUAC:"level='asInvoker' uiAccess='false'" /DEBUG /PDB:"D:\Мои документы\Програмирование 2-й курс\Лабораторная работа №2\Lab2 Task1 C++\Debug\Lab2 Task1 C++.pdb" /SUBSYSTEM:CONSOLE /TLBID:1 /DYNAMICBASE /NXCOMPAT /IMPLIB:"D:\Мои документы\Програмирование 2-й курс\Лабораторная работа №2\Lab2 Task1 C++\Debug\Lab2 Task1 C++.lib" /MACHINE:X86 "Debug\Lab2 Task1 C++.exe.embed.manifest.res"
         Debug\main.obj
         Debug\myMatrix.obj
         Debug\Vector.obj
     1>LINK : fatal error LNK1123: сбой при преобразовании в COFF: файл недопустим или поврежден
     1>Построение проекта "D:\Мои документы\Програмирование 2-й курс\Лабораторная работа №2\Lab2 Task1 C++\Lab2 Task1 C++\Lab2 Task1 C++.vcxproj" завершено (целевые объекты build) с ошибкой.

СБОЙ построения.

Затраченное время: 00:00:05.92
