Построение начато 16.12.2016 2:00:30.
     1>Проект "D:\Programs\Git\git_Rep\Lab4 Task1 C++\Lab4 Task1 C++\Lab4 Task1 C++.vcxproj" в узле 2 (целевые объекты build).
     1>InitializeBuildStatus:
         Создание "Release\Lab4 Task1 C++.unsuccessfulbuild", так как было задано "AlwaysCreate".
       ClCompile:
         C:\Program Files (x86)\Microsoft Visual Studio 10.0\VC\bin\CL.exe /c /Zi /nologo /W3 /WX- /O2 /Oi /Oy- /GL /D WIN32 /D NDEBUG /D _CONSOLE /D _UNICODE /D UNICODE /Gm- /EHsc /MD /GS /Gy /fp:precise /Zc:wchar_t /Zc:forScope /Fo"Release\\" /Fd"Release\vc100.pdb" /Gd /TP /analyze- /errorReport:prompt Card.cpp Dealer.cpp Game.cpp Hand.cpp Player.cpp Shuz.cpp main.cpp
         Card.cpp
     1>d:\programs\git\git_rep\lab4 task1 c++\lab4 task1 c++\Card.h(21): error C2143: синтаксическая ошибка: отсутствие ";" перед "&"
     1>d:\programs\git\git_rep\lab4 task1 c++\lab4 task1 c++\Card.h(21): error C2433: ostream: "friend" не разрешается для объявлений данных
     1>d:\programs\git\git_rep\lab4 task1 c++\lab4 task1 c++\Card.h(21): error C4430: отсутствует спецификатор типа - предполагается int. Примечание. C++ не поддерживает int по умолчанию
     1>d:\programs\git\git_rep\lab4 task1 c++\lab4 task1 c++\Card.h(21): error C2061: синтаксическая ошибка: идентификатор "ostream"
     1>d:\programs\git\git_rep\lab4 task1 c++\lab4 task1 c++\Card.h(21): error C4430: отсутствует спецификатор типа - предполагается int. Примечание. C++ не поддерживает int по умолчанию
     1>d:\programs\git\git_rep\lab4 task1 c++\lab4 task1 c++\Card.h(21): error C2805: бинарный "operator <<" имеет слишком мало параметров
     1>Card.cpp(41): error C2872: ostream: неоднозначный символ
                 может быть "d:\programs\git\git_rep\lab4 task1 c++\lab4 task1 c++\Card.h(21) : int ostream"
                 или       "C:\Program Files (x86)\Microsoft Visual Studio 10.0\VC\include\iosfwd(636) : std::ostream"
     1>Card.cpp(41): error C2143: синтаксическая ошибка: отсутствие ";" перед "&"
     1>Card.cpp(41): error C4430: отсутствует спецификатор типа - предполагается int. Примечание. C++ не поддерживает int по умолчанию
     1>Card.cpp(41): error C2086: int ostream: переопределение
                 d:\programs\git\git_rep\lab4 task1 c++\lab4 task1 c++\Card.h(21): см. объявление "ostream"
     1>Card.cpp(41): error C2872: ostream: неоднозначный символ
                 может быть "d:\programs\git\git_rep\lab4 task1 c++\lab4 task1 c++\Card.h(21) : int ostream"
                 или       "C:\Program Files (x86)\Microsoft Visual Studio 10.0\VC\include\iosfwd(636) : std::ostream"
     1>Card.cpp(41): error C2872: ostream: неоднозначный символ
                 может быть "d:\programs\git\git_rep\lab4 task1 c++\lab4 task1 c++\Card.h(21) : int ostream"
                 или       "C:\Program Files (x86)\Microsoft Visual Studio 10.0\VC\include\iosfwd(636) : std::ostream"
     1>Card.cpp(41): error C2065: os: необъявленный идентификатор
     1>Card.cpp(41): error C2059: синтаксическая ошибка: const
     1>Card.cpp(42): error C2143: синтаксическая ошибка: отсутствие ";" перед "{"
     1>Card.cpp(42): error C2447: {: отсутствует заголовок функции (возможно, используется формальный список старого типа)
         Dealer.cpp
     1>d:\programs\git\git_rep\lab4 task1 c++\lab4 task1 c++\Card.h(21): error C2143: синтаксическая ошибка: отсутствие ";" перед "&"
     1>d:\programs\git\git_rep\lab4 task1 c++\lab4 task1 c++\Card.h(21): error C2433: ostream: "friend" не разрешается для объявлений данных
     1>d:\programs\git\git_rep\lab4 task1 c++\lab4 task1 c++\Card.h(21): error C4430: отсутствует спецификатор типа - предполагается int. Примечание. C++ не поддерживает int по умолчанию
     1>d:\programs\git\git_rep\lab4 task1 c++\lab4 task1 c++\Card.h(21): error C2061: синтаксическая ошибка: идентификатор "ostream"
     1>d:\programs\git\git_rep\lab4 task1 c++\lab4 task1 c++\Card.h(21): error C4430: отсутствует спецификатор типа - предполагается int. Примечание. C++ не поддерживает int по умолчанию
     1>d:\programs\git\git_rep\lab4 task1 c++\lab4 task1 c++\Card.h(21): error C2805: бинарный "operator <<" имеет слишком мало параметров
         Game.cpp
     1>d:\programs\git\git_rep\lab4 task1 c++\lab4 task1 c++\Card.h(21): error C2143: синтаксическая ошибка: отсутствие ";" перед "&"
     1>d:\programs\git\git_rep\lab4 task1 c++\lab4 task1 c++\Card.h(21): error C2433: ostream: "friend" не разрешается для объявлений данных
     1>d:\programs\git\git_rep\lab4 task1 c++\lab4 task1 c++\Card.h(21): error C4430: отсутствует спецификатор типа - предполагается int. Примечание. C++ не поддерживает int по умолчанию
     1>d:\programs\git\git_rep\lab4 task1 c++\lab4 task1 c++\Card.h(21): error C2061: синтаксическая ошибка: идентификатор "ostream"
     1>d:\programs\git\git_rep\lab4 task1 c++\lab4 task1 c++\Card.h(21): error C4430: отсутствует спецификатор типа - предполагается int. Примечание. C++ не поддерживает int по умолчанию
     1>d:\programs\git\git_rep\lab4 task1 c++\lab4 task1 c++\Card.h(21): error C2805: бинарный "operator <<" имеет слишком мало параметров
         Hand.cpp
     1>d:\programs\git\git_rep\lab4 task1 c++\lab4 task1 c++\Card.h(21): error C2143: синтаксическая ошибка: отсутствие ";" перед "&"
     1>d:\programs\git\git_rep\lab4 task1 c++\lab4 task1 c++\Card.h(21): error C2433: ostream: "friend" не разрешается для объявлений данных
     1>d:\programs\git\git_rep\lab4 task1 c++\lab4 task1 c++\Card.h(21): error C4430: отсутствует спецификатор типа - предполагается int. Примечание. C++ не поддерживает int по умолчанию
     1>d:\programs\git\git_rep\lab4 task1 c++\lab4 task1 c++\Card.h(21): error C2061: синтаксическая ошибка: идентификатор "ostream"
     1>d:\programs\git\git_rep\lab4 task1 c++\lab4 task1 c++\Card.h(21): error C4430: отсутствует спецификатор типа - предполагается int. Примечание. C++ не поддерживает int по умолчанию
     1>d:\programs\git\git_rep\lab4 task1 c++\lab4 task1 c++\Card.h(21): error C2805: бинарный "operator <<" имеет слишком мало параметров
         Player.cpp
     1>d:\programs\git\git_rep\lab4 task1 c++\lab4 task1 c++\Card.h(21): error C2143: синтаксическая ошибка: отсутствие ";" перед "&"
     1>d:\programs\git\git_rep\lab4 task1 c++\lab4 task1 c++\Card.h(21): error C2433: ostream: "friend" не разрешается для объявлений данных
     1>d:\programs\git\git_rep\lab4 task1 c++\lab4 task1 c++\Card.h(21): error C4430: отсутствует спецификатор типа - предполагается int. Примечание. C++ не поддерживает int по умолчанию
     1>d:\programs\git\git_rep\lab4 task1 c++\lab4 task1 c++\Card.h(21): error C2061: синтаксическая ошибка: идентификатор "ostream"
     1>d:\programs\git\git_rep\lab4 task1 c++\lab4 task1 c++\Card.h(21): error C4430: отсутствует спецификатор типа - предполагается int. Примечание. C++ не поддерживает int по умолчанию
     1>d:\programs\git\git_rep\lab4 task1 c++\lab4 task1 c++\Card.h(21): error C2805: бинарный "operator <<" имеет слишком мало параметров
         Shuz.cpp
     1>d:\programs\git\git_rep\lab4 task1 c++\lab4 task1 c++\Card.h(21): error C2143: синтаксическая ошибка: отсутствие ";" перед "&"
     1>d:\programs\git\git_rep\lab4 task1 c++\lab4 task1 c++\Card.h(21): error C2433: ostream: "friend" не разрешается для объявлений данных
     1>d:\programs\git\git_rep\lab4 task1 c++\lab4 task1 c++\Card.h(21): error C4430: отсутствует спецификатор типа - предполагается int. Примечание. C++ не поддерживает int по умолчанию
     1>d:\programs\git\git_rep\lab4 task1 c++\lab4 task1 c++\Card.h(21): error C2061: синтаксическая ошибка: идентификатор "ostream"
     1>d:\programs\git\git_rep\lab4 task1 c++\lab4 task1 c++\Card.h(21): error C4430: отсутствует спецификатор типа - предполагается int. Примечание. C++ не поддерживает int по умолчанию
     1>d:\programs\git\git_rep\lab4 task1 c++\lab4 task1 c++\Card.h(21): error C2805: бинарный "operator <<" имеет слишком мало параметров
     1>Shuz.cpp(70): warning C4244: аргумент: преобразование "time_t" в "unsigned int", возможна потеря данных
         main.cpp
     1>d:\programs\git\git_rep\lab4 task1 c++\lab4 task1 c++\Card.h(21): error C2143: синтаксическая ошибка: отсутствие ";" перед "&"
     1>d:\programs\git\git_rep\lab4 task1 c++\lab4 task1 c++\Card.h(21): error C2433: ostream: "friend" не разрешается для объявлений данных
     1>d:\programs\git\git_rep\lab4 task1 c++\lab4 task1 c++\Card.h(21): error C4430: отсутствует спецификатор типа - предполагается int. Примечание. C++ не поддерживает int по умолчанию
     1>d:\programs\git\git_rep\lab4 task1 c++\lab4 task1 c++\Card.h(21): error C2061: синтаксическая ошибка: идентификатор "ostream"
     1>d:\programs\git\git_rep\lab4 task1 c++\lab4 task1 c++\Card.h(21): error C4430: отсутствует спецификатор типа - предполагается int. Примечание. C++ не поддерживает int по умолчанию
     1>d:\programs\git\git_rep\lab4 task1 c++\lab4 task1 c++\Card.h(21): error C2805: бинарный "operator <<" имеет слишком мало параметров
     1>Построение проекта "D:\Programs\Git\git_Rep\Lab4 Task1 C++\Lab4 Task1 C++\Lab4 Task1 C++.vcxproj" завершено (целевые объекты build) с ошибкой.

СБОЙ построения.

Затраченное время: 00:00:02.62
