D:\Programs\Git\git_Rep\Lab4 Task1 C++\Lab4 Task1 C++\Release\cl.command.1.tlog
D:\Programs\Git\git_Rep\Lab4 Task1 C++\Lab4 Task1 C++\Release\CL.read.1.tlog
D:\Programs\Git\git_Rep\Lab4 Task1 C++\Lab4 Task1 C++\Release\CL.write.1.tlog
D:\PROGRAMS\GIT\GIT_REP\LAB4 TASK1 C++\LAB4 TASK1 C++\RELEASE\DEALER.OBJ
D:\PROGRAMS\GIT\GIT_REP\LAB4 TASK1 C++\LAB4 TASK1 C++\RELEASE\GAME.OBJ
D:\PROGRAMS\GIT\GIT_REP\LAB4 TASK1 C++\LAB4 TASK1 C++\RELEASE\HAND.OBJ
D:\PROGRAMS\GIT\GIT_REP\LAB4 TASK1 C++\LAB4 TASK1 C++\RELEASE\LAB4 TASK1 C++.EXE.INTERMEDIATE.MANIFEST
D:\Programs\Git\git_Rep\Lab4 Task1 C++\Lab4 Task1 C++\Release\Lab4 Task1 C++.vcxprojResolveAssemblyReference.cache
D:\Programs\Git\git_Rep\Lab4 Task1 C++\Lab4 Task1 C++\Release\Lab4 Task1 C++.write.1.tlog
D:\Programs\Git\git_Rep\Lab4 Task1 C++\Lab4 Task1 C++\Release\link.command.1.tlog
D:\Programs\Git\git_Rep\Lab4 Task1 C++\Lab4 Task1 C++\Release\link.read.1.tlog
D:\Programs\Git\git_Rep\Lab4 Task1 C++\Lab4 Task1 C++\Release\link.write.1.tlog
D:\PROGRAMS\GIT\GIT_REP\LAB4 TASK1 C++\LAB4 TASK1 C++\RELEASE\MAIN.OBJ
D:\Programs\Git\git_Rep\Lab4 Task1 C++\Lab4 Task1 C++\Release\mt.command.1.tlog
D:\Programs\Git\git_Rep\Lab4 Task1 C++\Lab4 Task1 C++\Release\mt.read.1.tlog
D:\Programs\Git\git_Rep\Lab4 Task1 C++\Lab4 Task1 C++\Release\mt.write.1.tlog
D:\PROGRAMS\GIT\GIT_REP\LAB4 TASK1 C++\LAB4 TASK1 C++\RELEASE\PLAYER.OBJ
D:\PROGRAMS\GIT\GIT_REP\LAB4 TASK1 C++\LAB4 TASK1 C++\RELEASE\SHUZ.OBJ
D:\PROGRAMS\GIT\GIT_REP\LAB4 TASK1 C++\LAB4 TASK1 C++\RELEASE\VC100.PDB
D:\PROGRAMS\GIT\GIT_REP\LAB4 TASK1 C++\RELEASE\LAB4 TASK1 C++.EXE
D:\PROGRAMS\GIT\GIT_REP\LAB4 TASK1 C++\RELEASE\LAB4 TASK1 C++.PDB
